The target system is: Emscripten - 1 - x86
The host system is: Linux - 5.4.0-1046-azure - x86_64
Performing C SOURCE FILE Test CMAKE_HAVE_LIBC_PTHREAD succeeded with the following output:
Change Dir: /home/runner/work/jessica/jessica/build/CMakeFiles/CMakeTmp

Run Build Command(s):/usr/bin/make -f Makefile cmTC_b77e5/fast && /usr/bin/make  -f CMakeFiles/cmTC_b77e5.dir/build.make CMakeFiles/cmTC_b77e5.dir/build
make[1]: Entering directory '/home/runner/work/jessica/jessica/build/CMakeFiles/CMakeTmp'
Building C object CMakeFiles/cmTC_b77e5.dir/src.c.o
/home/runner/work/jessica/jessica/emsdk/upstream/emscripten/emcc -DCMAKE_HAVE_LIBC_PTHREAD   -MD -MT CMakeFiles/cmTC_b77e5.dir/src.c.o -MF CMakeFiles/cmTC_b77e5.dir/src.c.o.d -o CMakeFiles/cmTC_b77e5.dir/src.c.o -c /home/runner/work/jessica/jessica/build/CMakeFiles/CMakeTmp/src.c
shared:INFO: (Emscripten: Running sanity checks)
Linking C executable cmTC_b77e5.js
/usr/local/bin/cmake -E cmake_link_script CMakeFiles/cmTC_b77e5.dir/link.txt --verbose=1
/home/runner/work/jessica/jessica/emsdk/upstream/emscripten/emcc @CMakeFiles/cmTC_b77e5.dir/objects1.rsp -o cmTC_b77e5.js 
make[1]: Leaving directory '/home/runner/work/jessica/jessica/build/CMakeFiles/CMakeTmp'


Source file was:
#include <pthread.h>

static void* test_func(void* data)
{
  return data;
}

int main(void)
{
  pthread_t thread;
  pthread_create(&thread, NULL, test_func, NULL);
  pthread_detach(thread);
  pthread_cancel(thread);
  pthread_join(thread, NULL);
  pthread_atfork(NULL, NULL, NULL);
  pthread_exit(NULL);

  return 0;
}

